2025-12-09 09:43:26,470 - INFO - Iniciando scraping de Fruttissimo Market
2025-12-09 09:43:26,957 - INFO - Encontradas 110 categorías
2025-12-09 09:43:36,988 - INFO - Página 1: 3 productos encontrados
2025-12-09 09:43:40,889 - INFO - Página 1: 2 productos encontrados
2025-12-09 09:43:56,386 - INFO - Página 1: 1 productos encontrados
2025-12-09 09:44:00,069 - INFO - Página 1: 2 productos encontrados
2025-12-09 09:44:07,401 - INFO - Página 1: 2 productos encontrados
2025-12-09 09:44:13,035 - INFO - Página 1: 5 productos encontrados
2025-12-09 09:44:19,441 - INFO - Página 1: 22 productos encontrados
2025-12-09 09:44:22,833 - INFO - Página 1: 10 productos encontrados
2025-12-09 09:44:27,187 - INFO - Página 1: 5 productos encontrados
2025-12-09 09:44:32,030 - INFO - Página 1: 16 productos encontrados
2025-12-09 09:44:35,314 - INFO - Página 1: 3 productos encontrados
2025-12-09 09:44:41,452 - INFO - Página 1: 1 productos encontrados
2025-12-09 09:44:51,756 - INFO - Página 1: 7 productos encontrados
2025-12-09 09:45:01,374 - INFO - Página 1: 4 productos encontrados
2025-12-09 09:45:06,557 - INFO - Página 1: 13 productos encontrados
2025-12-09 09:45:12,697 - INFO - Página 1: 6 productos encontrados
2025-12-09 09:45:16,597 - INFO - Página 1: 2 productos encontrados
2025-12-09 09:46:02,805 - INFO - Página 1: 6 productos encontrados
2025-12-09 09:46:09,708 - INFO - Página 1: 14 productos encontrados
2025-12-09 09:46:29,330 - INFO - Página 1: 6 productos encontrados
2025-12-09 09:46:33,414 - INFO - Página 1: 6 productos encontrados
2025-12-09 09:46:45,397 - INFO - Página 1: 8 productos encontrados
2025-12-09 09:46:54,811 - INFO - Página 1: 8 productos encontrados
2025-12-09 09:47:01,406 - INFO - Página 1: 28 productos encontrados
2025-12-09 09:47:24,284 - INFO - Página 1: 30 productos encontrados
2025-12-09 09:47:30,303 - INFO - Página 1: 2 productos encontrados
2025-12-09 09:47:35,637 - INFO - Página 1: 13 productos encontrados
2025-12-09 09:47:42,660 - INFO - Página 1: 6 productos encontrados
2025-12-09 09:48:04,706 - INFO - Página 1: 2 productos encontrados
2025-12-09 09:48:15,624 - INFO - Página 1: 2 productos encontrados
2025-12-09 09:48:21,122 - INFO - Página 1: 1 productos encontrados
2025-12-09 09:48:25,270 - INFO - Página 1: 22 productos encontrados
2025-12-09 09:48:32,354 - INFO - Página 1: 2 productos encontrados
2025-12-09 09:48:38,065 - INFO - Página 1: 8 productos encontrados
2025-12-09 09:48:44,919 - INFO - Página 1: 15 productos encontrados
2025-12-09 09:48:51,782 - INFO - Página 1: 30 productos encontrados
2025-12-09 09:49:04,318 - INFO - Página 1: 30 productos encontrados
2025-12-09 09:49:15,570 - INFO - Página 1: 3 productos encontrados
2025-12-09 09:49:22,789 - INFO - Página 1: 16 productos encontrados
2025-12-09 09:49:41,451 - INFO - Página 1: 2 productos encontrados
2025-12-09 09:49:52,166 - INFO - Página 1: 16 productos encontrados
2025-12-09 09:50:12,322 - INFO - Página 1: 30 productos encontrados
2025-12-09 09:50:18,081 - INFO - Página 1: 13 productos encontrados
2025-12-09 09:50:25,151 - INFO - Página 1: 5 productos encontrados
2025-12-09 09:50:43,172 - INFO - Página 1: 7 productos encontrados
2025-12-09 09:51:00,697 - INFO - Página 1: 1 productos encontrados
2025-12-09 09:51:11,512 - INFO - Página 1: 30 productos encontrados
2025-12-09 09:51:16,633 - INFO - Página 1: 30 productos encontrados
2025-12-09 09:51:21,592 - INFO - Página 1: 2 productos encontrados
2025-12-09 09:51:33,389 - INFO - Página 1: 3 productos encontrados
2025-12-09 09:51:39,808 - INFO - Página 1: 3 productos encontrados
2025-12-09 09:51:44,779 - INFO - Página 1: 6 productos encontrados
2025-12-09 09:51:51,820 - INFO - Página 1: 1 productos encontrados
2025-12-09 09:52:09,027 - INFO - Página 1: 5 productos encontrados
2025-12-09 09:52:14,343 - INFO - Página 1: 16 productos encontrados
2025-12-09 09:52:20,973 - INFO - Página 1: 30 productos encontrados
2025-12-09 09:52:38,322 - INFO - Página 1: 1 productos encontrados
2025-12-09 09:52:44,702 - INFO - Página 1: 30 productos encontrados
2025-12-09 09:53:05,633 - INFO - Página 1: 5 productos encontrados
2025-12-09 09:53:16,558 - INFO - Página 1: 15 productos encontrados
2025-12-09 09:53:20,701 - INFO - Página 1: 3 productos encontrados
2025-12-09 09:53:27,680 - INFO - Página 1: 1 productos encontrados
2025-12-09 09:53:32,895 - INFO - Página 1: 18 productos encontrados
2025-12-09 09:53:48,131 - INFO - Scraping completado. Total: 635 productos
2025-12-09 09:53:48,134 - INFO - Scraping finalizado
